2021-05-14 12:58:26,038 [Worker-3: Loading available Gradle versions] INFO  o.e.b.c.i.u.g.PublishedGradleVersions - Gradle version information cache is up-to-date. Trying to read.
2021-05-14 13:00:03,554 [Worker-3: Creating project "UnitConverter"] INFO  o.e.m.c.i.l.LifecycleMappingFactory - Using org.eclipse.m2e.jdt.JarLifecycleMapping lifecycle mapping for MavenProject: dev.carbajal.unitconverter:UnitConverter:0.0.1-SNAPSHOT @ C:\Users\Mina\Documents\RevatureProjectA\UnitConverter\pom.xml.
2021-05-14 13:00:04,128 [Worker-3: Creating project "UnitConverter"] INFO  o.e.m.j.i.AbstractJavaProjectConfigurator - Adding source folder /UnitConverter/src/main/java
2021-05-14 13:00:04,130 [Worker-3: Creating project "UnitConverter"] INFO  o.e.m.j.i.AbstractJavaProjectConfigurator - Adding resource folder /UnitConverter/src/main/resources
2021-05-14 13:00:04,131 [Worker-3: Creating project "UnitConverter"] INFO  o.e.m.j.i.AbstractJavaProjectConfigurator - Adding source folder /UnitConverter/src/test/java
2021-05-14 13:00:04,131 [Worker-3: Creating project "UnitConverter"] INFO  o.e.m.j.i.AbstractJavaProjectConfigurator - Adding resource folder /UnitConverter/src/test/resources
2021-05-14 13:00:06,013 [Worker-2: Building] WARN  o.e.m.c.i.embedder.EclipseLogger - Using platform encoding (Cp1252 actually) to copy filtered resources, i.e. build is platform dependent!
2021-05-14 13:00:06,019 [Worker-2: Building] INFO  o.e.m.c.i.embedder.EclipseLogger - Copying 0 resource
2021-05-14 13:00:06,022 [Worker-2: Building] WARN  o.e.m.c.i.embedder.EclipseLogger - Using platform encoding (Cp1252 actually) to copy filtered resources, i.e. build is platform dependent!
2021-05-14 13:00:06,023 [Worker-2: Building] INFO  o.e.m.c.i.embedder.EclipseLogger - Copying 0 resource
2021-05-14 13:01:06,204 [Worker-6: Building] WARN  o.e.m.c.i.embedder.EclipseLogger - Using platform encoding (Cp1252 actually) to copy filtered resources, i.e. build is platform dependent!
2021-05-14 13:01:06,207 [Worker-6: Building] INFO  o.e.m.c.i.embedder.EclipseLogger - Copying 0 resource
2021-05-14 13:01:06,209 [Worker-6: Building] WARN  o.e.m.c.i.embedder.EclipseLogger - Using platform encoding (Cp1252 actually) to copy filtered resources, i.e. build is platform dependent!
2021-05-14 13:01:06,210 [Worker-6: Building] INFO  o.e.m.c.i.embedder.EclipseLogger - Copying 0 resource
2021-05-14 13:58:26,576 [Worker-3: Loading available Gradle versions] INFO  o.e.b.c.i.u.g.PublishedGradleVersions - Gradle version information cache is up-to-date. Trying to read.
2021-05-14 17:37:06,840 [Worker-2: Loading available Gradle versions] INFO  o.e.b.c.i.u.g.PublishedGradleVersions - Gradle version information cache is up-to-date. Trying to read.
2021-05-14 18:00:25,462 [Worker-1: Building] WARN  o.e.m.c.i.embedder.EclipseLogger - Using platform encoding (Cp1252 actually) to copy filtered resources, i.e. build is platform dependent!
2021-05-14 18:00:25,467 [Worker-1: Building] INFO  o.e.m.c.i.embedder.EclipseLogger - Copying 0 resource
2021-05-14 18:00:25,470 [Worker-1: Building] WARN  o.e.m.c.i.embedder.EclipseLogger - Using platform encoding (Cp1252 actually) to copy filtered resources, i.e. build is platform dependent!
2021-05-14 18:00:25,471 [Worker-1: Building] INFO  o.e.m.c.i.embedder.EclipseLogger - Copying 0 resource
2021-05-14 18:00:33,383 [Worker-1: Building] WARN  o.e.m.c.i.embedder.EclipseLogger - Using platform encoding (Cp1252 actually) to copy filtered resources, i.e. build is platform dependent!
2021-05-14 18:00:33,388 [Worker-1: Building] INFO  o.e.m.c.i.embedder.EclipseLogger - Copying 0 resource
2021-05-14 18:00:33,391 [Worker-1: Building] WARN  o.e.m.c.i.embedder.EclipseLogger - Using platform encoding (Cp1252 actually) to copy filtered resources, i.e. build is platform dependent!
2021-05-14 18:00:33,392 [Worker-1: Building] INFO  o.e.m.c.i.embedder.EclipseLogger - Copying 0 resource
2021-05-14 18:00:47,177 [Worker-8: Building] WARN  o.e.m.c.i.embedder.EclipseLogger - Using platform encoding (Cp1252 actually) to copy filtered resources, i.e. build is platform dependent!
2021-05-14 18:00:47,179 [Worker-8: Building] INFO  o.e.m.c.i.embedder.EclipseLogger - Copying 0 resource
2021-05-14 18:00:47,183 [Worker-8: Building] WARN  o.e.m.c.i.embedder.EclipseLogger - Using platform encoding (Cp1252 actually) to copy filtered resources, i.e. build is platform dependent!
2021-05-14 18:00:47,184 [Worker-8: Building] INFO  o.e.m.c.i.embedder.EclipseLogger - Copying 0 resource
2021-05-14 18:00:48,250 [Worker-1: Building] WARN  o.e.m.c.i.embedder.EclipseLogger - Using platform encoding (Cp1252 actually) to copy filtered resources, i.e. build is platform dependent!
2021-05-14 18:00:48,252 [Worker-1: Building] INFO  o.e.m.c.i.embedder.EclipseLogger - Copying 0 resource
2021-05-14 18:00:48,254 [Worker-1: Building] WARN  o.e.m.c.i.embedder.EclipseLogger - Using platform encoding (Cp1252 actually) to copy filtered resources, i.e. build is platform dependent!
2021-05-14 18:00:48,256 [Worker-1: Building] INFO  o.e.m.c.i.embedder.EclipseLogger - Copying 0 resource
2021-05-14 18:10:53,932 [Worker-9: Launching Converter] WARN  o.e.m.c.i.embedder.EclipseLogger - Using platform encoding (Cp1252 actually) to copy filtered resources, i.e. build is platform dependent!
2021-05-14 18:10:53,933 [Worker-9: Launching Converter] INFO  o.e.m.c.i.embedder.EclipseLogger - Copying 0 resource
2021-05-14 18:10:53,935 [Worker-9: Launching Converter] WARN  o.e.m.c.i.embedder.EclipseLogger - Using platform encoding (Cp1252 actually) to copy filtered resources, i.e. build is platform dependent!
2021-05-14 18:10:53,936 [Worker-9: Launching Converter] INFO  o.e.m.c.i.embedder.EclipseLogger - Copying 0 resource
2021-05-14 18:13:35,010 [Worker-10: Building] WARN  o.e.m.c.i.embedder.EclipseLogger - Using platform encoding (Cp1252 actually) to copy filtered resources, i.e. build is platform dependent!
2021-05-14 18:13:35,012 [Worker-10: Building] INFO  o.e.m.c.i.embedder.EclipseLogger - Copying 0 resource
2021-05-14 18:13:35,013 [Worker-10: Building] WARN  o.e.m.c.i.embedder.EclipseLogger - Using platform encoding (Cp1252 actually) to copy filtered resources, i.e. build is platform dependent!
2021-05-14 18:13:35,014 [Worker-10: Building] INFO  o.e.m.c.i.embedder.EclipseLogger - Copying 0 resource
2021-05-14 18:30:16,652 [Worker-12: Launching Converter] WARN  o.e.m.c.i.embedder.EclipseLogger - Using platform encoding (Cp1252 actually) to copy filtered resources, i.e. build is platform dependent!
2021-05-14 18:30:16,654 [Worker-12: Launching Converter] INFO  o.e.m.c.i.embedder.EclipseLogger - Copying 0 resource
2021-05-14 18:30:16,657 [Worker-12: Launching Converter] WARN  o.e.m.c.i.embedder.EclipseLogger - Using platform encoding (Cp1252 actually) to copy filtered resources, i.e. build is platform dependent!
2021-05-14 18:30:16,658 [Worker-12: Launching Converter] INFO  o.e.m.c.i.embedder.EclipseLogger - Copying 0 resource
2021-05-14 18:32:54,410 [Worker-13: Launching Converter] WARN  o.e.m.c.i.embedder.EclipseLogger - Using platform encoding (Cp1252 actually) to copy filtered resources, i.e. build is platform dependent!
2021-05-14 18:32:54,412 [Worker-13: Launching Converter] INFO  o.e.m.c.i.embedder.EclipseLogger - Copying 0 resource
2021-05-14 18:32:54,416 [Worker-13: Launching Converter] WARN  o.e.m.c.i.embedder.EclipseLogger - Using platform encoding (Cp1252 actually) to copy filtered resources, i.e. build is platform dependent!
2021-05-14 18:32:54,417 [Worker-13: Launching Converter] INFO  o.e.m.c.i.embedder.EclipseLogger - Copying 0 resource
2021-05-14 18:34:06,864 [Worker-13: Launching Converter] WARN  o.e.m.c.i.embedder.EclipseLogger - Using platform encoding (Cp1252 actually) to copy filtered resources, i.e. build is platform dependent!
2021-05-14 18:34:06,866 [Worker-13: Launching Converter] INFO  o.e.m.c.i.embedder.EclipseLogger - Copying 0 resource
2021-05-14 18:34:06,868 [Worker-13: Launching Converter] WARN  o.e.m.c.i.embedder.EclipseLogger - Using platform encoding (Cp1252 actually) to copy filtered resources, i.e. build is platform dependent!
2021-05-14 18:34:06,869 [Worker-13: Launching Converter] INFO  o.e.m.c.i.embedder.EclipseLogger - Copying 0 resource
2021-05-14 18:35:17,560 [Worker-19: Launching Converter] WARN  o.e.m.c.i.embedder.EclipseLogger - Using platform encoding (Cp1252 actually) to copy filtered resources, i.e. build is platform dependent!
2021-05-14 18:35:17,563 [Worker-19: Launching Converter] INFO  o.e.m.c.i.embedder.EclipseLogger - Copying 0 resource
2021-05-14 18:35:17,565 [Worker-19: Launching Converter] WARN  o.e.m.c.i.embedder.EclipseLogger - Using platform encoding (Cp1252 actually) to copy filtered resources, i.e. build is platform dependent!
2021-05-14 18:35:17,567 [Worker-19: Launching Converter] INFO  o.e.m.c.i.embedder.EclipseLogger - Copying 0 resource
2021-05-14 18:36:14,269 [Worker-12: Launching Converter] WARN  o.e.m.c.i.embedder.EclipseLogger - Using platform encoding (Cp1252 actually) to copy filtered resources, i.e. build is platform dependent!
2021-05-14 18:36:14,271 [Worker-12: Launching Converter] INFO  o.e.m.c.i.embedder.EclipseLogger - Copying 0 resource
2021-05-14 18:36:14,274 [Worker-12: Launching Converter] WARN  o.e.m.c.i.embedder.EclipseLogger - Using platform encoding (Cp1252 actually) to copy filtered resources, i.e. build is platform dependent!
2021-05-14 18:36:14,275 [Worker-12: Launching Converter] INFO  o.e.m.c.i.embedder.EclipseLogger - Copying 0 resource
2021-05-14 18:40:03,054 [Worker-22: Building] WARN  o.e.m.c.i.embedder.EclipseLogger - Using platform encoding (Cp1252 actually) to copy filtered resources, i.e. build is platform dependent!
2021-05-14 18:40:03,055 [Worker-22: Building] INFO  o.e.m.c.i.embedder.EclipseLogger - Copying 0 resource
2021-05-14 18:40:03,057 [Worker-22: Building] WARN  o.e.m.c.i.embedder.EclipseLogger - Using platform encoding (Cp1252 actually) to copy filtered resources, i.e. build is platform dependent!
2021-05-14 18:40:03,058 [Worker-22: Building] INFO  o.e.m.c.i.embedder.EclipseLogger - Copying 0 resource
2021-05-14 18:52:59,205 [Worker-24: Building] WARN  o.e.m.c.i.embedder.EclipseLogger - Using platform encoding (Cp1252 actually) to copy filtered resources, i.e. build is platform dependent!
2021-05-14 18:52:59,207 [Worker-24: Building] INFO  o.e.m.c.i.embedder.EclipseLogger - Copying 0 resource
2021-05-14 18:52:59,208 [Worker-24: Building] WARN  o.e.m.c.i.embedder.EclipseLogger - Using platform encoding (Cp1252 actually) to copy filtered resources, i.e. build is platform dependent!
2021-05-14 18:52:59,209 [Worker-24: Building] INFO  o.e.m.c.i.embedder.EclipseLogger - Copying 0 resource
2021-05-14 19:04:16,084 [Worker-25: Building] WARN  o.e.m.c.i.embedder.EclipseLogger - Using platform encoding (Cp1252 actually) to copy filtered resources, i.e. build is platform dependent!
2021-05-14 19:04:16,086 [Worker-25: Building] INFO  o.e.m.c.i.embedder.EclipseLogger - Copying 0 resource
2021-05-14 19:04:16,087 [Worker-25: Building] WARN  o.e.m.c.i.embedder.EclipseLogger - Using platform encoding (Cp1252 actually) to copy filtered resources, i.e. build is platform dependent!
2021-05-14 19:04:16,088 [Worker-25: Building] INFO  o.e.m.c.i.embedder.EclipseLogger - Copying 0 resource
2021-05-14 19:05:24,556 [Worker-25: Building] WARN  o.e.m.c.i.embedder.EclipseLogger - Using platform encoding (Cp1252 actually) to copy filtered resources, i.e. build is platform dependent!
2021-05-14 19:05:24,557 [Worker-25: Building] INFO  o.e.m.c.i.embedder.EclipseLogger - Copying 0 resource
2021-05-14 19:05:24,559 [Worker-25: Building] WARN  o.e.m.c.i.embedder.EclipseLogger - Using platform encoding (Cp1252 actually) to copy filtered resources, i.e. build is platform dependent!
2021-05-14 19:05:24,560 [Worker-25: Building] INFO  o.e.m.c.i.embedder.EclipseLogger - Copying 0 resource
2021-05-14 19:05:35,944 [Worker-25: Launching Converter] WARN  o.e.m.c.i.embedder.EclipseLogger - Using platform encoding (Cp1252 actually) to copy filtered resources, i.e. build is platform dependent!
2021-05-14 19:05:35,946 [Worker-25: Launching Converter] INFO  o.e.m.c.i.embedder.EclipseLogger - Copying 0 resource
2021-05-14 19:05:35,949 [Worker-25: Launching Converter] WARN  o.e.m.c.i.embedder.EclipseLogger - Using platform encoding (Cp1252 actually) to copy filtered resources, i.e. build is platform dependent!
2021-05-14 19:05:35,951 [Worker-25: Launching Converter] INFO  o.e.m.c.i.embedder.EclipseLogger - Copying 0 resource
2021-05-14 19:08:01,357 [Worker-25: Launching Converter] WARN  o.e.m.c.i.embedder.EclipseLogger - Using platform encoding (Cp1252 actually) to copy filtered resources, i.e. build is platform dependent!
2021-05-14 19:08:01,359 [Worker-25: Launching Converter] INFO  o.e.m.c.i.embedder.EclipseLogger - Copying 0 resource
2021-05-14 19:08:01,361 [Worker-25: Launching Converter] WARN  o.e.m.c.i.embedder.EclipseLogger - Using platform encoding (Cp1252 actually) to copy filtered resources, i.e. build is platform dependent!
2021-05-14 19:08:01,363 [Worker-25: Launching Converter] INFO  o.e.m.c.i.embedder.EclipseLogger - Copying 0 resource
2021-05-14 19:08:55,134 [Worker-31: Building] WARN  o.e.m.c.i.embedder.EclipseLogger - Using platform encoding (Cp1252 actually) to copy filtered resources, i.e. build is platform dependent!
2021-05-14 19:08:55,135 [Worker-31: Building] INFO  o.e.m.c.i.embedder.EclipseLogger - Copying 0 resource
2021-05-14 19:08:55,136 [Worker-31: Building] WARN  o.e.m.c.i.embedder.EclipseLogger - Using platform encoding (Cp1252 actually) to copy filtered resources, i.e. build is platform dependent!
2021-05-14 19:08:55,138 [Worker-31: Building] INFO  o.e.m.c.i.embedder.EclipseLogger - Copying 0 resource
2021-05-14 19:09:06,173 [Worker-25: Building] WARN  o.e.m.c.i.embedder.EclipseLogger - Using platform encoding (Cp1252 actually) to copy filtered resources, i.e. build is platform dependent!
2021-05-14 19:09:06,174 [Worker-25: Building] INFO  o.e.m.c.i.embedder.EclipseLogger - Copying 0 resource
2021-05-14 19:09:06,175 [Worker-25: Building] WARN  o.e.m.c.i.embedder.EclipseLogger - Using platform encoding (Cp1252 actually) to copy filtered resources, i.e. build is platform dependent!
2021-05-14 19:09:06,176 [Worker-25: Building] INFO  o.e.m.c.i.embedder.EclipseLogger - Copying 0 resource
2021-05-14 19:11:00,834 [Worker-26: Launching Converter] WARN  o.e.m.c.i.embedder.EclipseLogger - Using platform encoding (Cp1252 actually) to copy filtered resources, i.e. build is platform dependent!
2021-05-14 19:11:00,836 [Worker-26: Launching Converter] INFO  o.e.m.c.i.embedder.EclipseLogger - Copying 0 resource
2021-05-14 19:11:00,838 [Worker-26: Launching Converter] WARN  o.e.m.c.i.embedder.EclipseLogger - Using platform encoding (Cp1252 actually) to copy filtered resources, i.e. build is platform dependent!
2021-05-14 19:11:00,840 [Worker-26: Launching Converter] INFO  o.e.m.c.i.embedder.EclipseLogger - Copying 0 resource
2021-05-14 19:11:37,760 [Worker-26: Launching Converter] WARN  o.e.m.c.i.embedder.EclipseLogger - Using platform encoding (Cp1252 actually) to copy filtered resources, i.e. build is platform dependent!
2021-05-14 19:11:37,763 [Worker-26: Launching Converter] INFO  o.e.m.c.i.embedder.EclipseLogger - Copying 0 resource
2021-05-14 19:11:37,765 [Worker-26: Launching Converter] WARN  o.e.m.c.i.embedder.EclipseLogger - Using platform encoding (Cp1252 actually) to copy filtered resources, i.e. build is platform dependent!
2021-05-14 19:11:37,767 [Worker-26: Launching Converter] INFO  o.e.m.c.i.embedder.EclipseLogger - Copying 0 resource
2021-05-14 19:11:57,269 [Worker-26: Launching Converter] WARN  o.e.m.c.i.embedder.EclipseLogger - Using platform encoding (Cp1252 actually) to copy filtered resources, i.e. build is platform dependent!
2021-05-14 19:11:57,271 [Worker-26: Launching Converter] INFO  o.e.m.c.i.embedder.EclipseLogger - Copying 0 resource
2021-05-14 19:11:57,274 [Worker-26: Launching Converter] WARN  o.e.m.c.i.embedder.EclipseLogger - Using platform encoding (Cp1252 actually) to copy filtered resources, i.e. build is platform dependent!
2021-05-14 19:11:57,276 [Worker-26: Launching Converter] INFO  o.e.m.c.i.embedder.EclipseLogger - Copying 0 resource
2021-05-14 19:12:54,994 [Worker-26: Launching Converter] WARN  o.e.m.c.i.embedder.EclipseLogger - Using platform encoding (Cp1252 actually) to copy filtered resources, i.e. build is platform dependent!
2021-05-14 19:12:54,996 [Worker-26: Launching Converter] INFO  o.e.m.c.i.embedder.EclipseLogger - Copying 0 resource
2021-05-14 19:12:54,997 [Worker-26: Launching Converter] WARN  o.e.m.c.i.embedder.EclipseLogger - Using platform encoding (Cp1252 actually) to copy filtered resources, i.e. build is platform dependent!
2021-05-14 19:12:54,998 [Worker-26: Launching Converter] INFO  o.e.m.c.i.embedder.EclipseLogger - Copying 0 resource
2021-05-14 19:14:44,317 [Worker-35: Building] WARN  o.e.m.c.i.embedder.EclipseLogger - Using platform encoding (Cp1252 actually) to copy filtered resources, i.e. build is platform dependent!
2021-05-14 19:14:44,318 [Worker-35: Building] INFO  o.e.m.c.i.embedder.EclipseLogger - Copying 0 resource
2021-05-14 19:14:44,319 [Worker-35: Building] WARN  o.e.m.c.i.embedder.EclipseLogger - Using platform encoding (Cp1252 actually) to copy filtered resources, i.e. build is platform dependent!
2021-05-14 19:14:44,320 [Worker-35: Building] INFO  o.e.m.c.i.embedder.EclipseLogger - Copying 0 resource
2021-05-14 19:39:40,186 [Worker-0: Loading available Gradle versions] INFO  o.e.b.c.i.u.g.PublishedGradleVersions - Gradle version information cache is up-to-date. Trying to read.
2021-05-14 19:39:55,583 [Worker-6: Building] WARN  o.e.m.c.i.embedder.EclipseLogger - Using platform encoding (Cp1252 actually) to copy filtered resources, i.e. build is platform dependent!
2021-05-14 19:39:55,588 [Worker-6: Building] INFO  o.e.m.c.i.embedder.EclipseLogger - Copying 0 resource
2021-05-14 19:39:55,591 [Worker-6: Building] WARN  o.e.m.c.i.embedder.EclipseLogger - Using platform encoding (Cp1252 actually) to copy filtered resources, i.e. build is platform dependent!
2021-05-14 19:39:55,593 [Worker-6: Building] INFO  o.e.m.c.i.embedder.EclipseLogger - Copying 0 resource
2021-05-17 10:02:11,634 [Worker-1: Loading available Gradle versions] INFO  o.e.b.c.i.u.g.PublishedGradleVersions - Gradle version information cache is out-of-date. Trying to update.
2021-05-17 16:37:37,176 [Worker-0: Loading available Gradle versions] INFO  o.e.b.c.i.u.g.PublishedGradleVersions - Gradle version information cache is up-to-date. Trying to read.
2021-05-17 19:18:10,117 [Worker-0: Loading available Gradle versions] INFO  o.e.b.c.i.u.g.PublishedGradleVersions - Gradle version information cache is up-to-date. Trying to read.
2021-05-17 19:26:04,061 [Worker-13: Building] WARN  o.e.m.c.i.embedder.EclipseLogger - Using platform encoding (Cp1252 actually) to copy filtered resources, i.e. build is platform dependent!
2021-05-17 19:26:04,066 [Worker-13: Building] INFO  o.e.m.c.i.embedder.EclipseLogger - Copying 0 resource
2021-05-17 19:26:04,068 [Worker-13: Building] WARN  o.e.m.c.i.embedder.EclipseLogger - Using platform encoding (Cp1252 actually) to copy filtered resources, i.e. build is platform dependent!
2021-05-17 19:26:04,070 [Worker-13: Building] INFO  o.e.m.c.i.embedder.EclipseLogger - Copying 0 resource
2021-05-17 19:39:39,375 [Worker-10: Launching Converter] WARN  o.e.m.c.i.embedder.EclipseLogger - Using platform encoding (Cp1252 actually) to copy filtered resources, i.e. build is platform dependent!
2021-05-17 19:39:39,381 [Worker-10: Launching Converter] INFO  o.e.m.c.i.embedder.EclipseLogger - Copying 0 resource
2021-05-17 19:39:39,383 [Worker-10: Launching Converter] WARN  o.e.m.c.i.embedder.EclipseLogger - Using platform encoding (Cp1252 actually) to copy filtered resources, i.e. build is platform dependent!
2021-05-17 19:39:39,385 [Worker-10: Launching Converter] INFO  o.e.m.c.i.embedder.EclipseLogger - Copying 0 resource
2021-05-17 19:41:28,450 [Worker-10: Building] WARN  o.e.m.c.i.embedder.EclipseLogger - Using platform encoding (Cp1252 actually) to copy filtered resources, i.e. build is platform dependent!
2021-05-17 19:41:28,451 [Worker-10: Building] INFO  o.e.m.c.i.embedder.EclipseLogger - Copying 0 resource
2021-05-17 19:41:28,452 [Worker-10: Building] WARN  o.e.m.c.i.embedder.EclipseLogger - Using platform encoding (Cp1252 actually) to copy filtered resources, i.e. build is platform dependent!
2021-05-17 19:41:28,453 [Worker-10: Building] INFO  o.e.m.c.i.embedder.EclipseLogger - Copying 0 resource
2021-05-17 19:48:23,869 [Worker-4: Launching Converter] WARN  o.e.m.c.i.embedder.EclipseLogger - Using platform encoding (Cp1252 actually) to copy filtered resources, i.e. build is platform dependent!
2021-05-17 19:48:23,871 [Worker-4: Launching Converter] INFO  o.e.m.c.i.embedder.EclipseLogger - Copying 0 resource
2021-05-17 19:48:23,874 [Worker-4: Launching Converter] WARN  o.e.m.c.i.embedder.EclipseLogger - Using platform encoding (Cp1252 actually) to copy filtered resources, i.e. build is platform dependent!
2021-05-17 19:48:23,875 [Worker-4: Launching Converter] INFO  o.e.m.c.i.embedder.EclipseLogger - Copying 0 resource
2021-05-17 19:51:10,839 [Worker-21: Launching Converter] WARN  o.e.m.c.i.embedder.EclipseLogger - Using platform encoding (Cp1252 actually) to copy filtered resources, i.e. build is platform dependent!
2021-05-17 19:51:10,842 [Worker-21: Launching Converter] INFO  o.e.m.c.i.embedder.EclipseLogger - Copying 0 resource
2021-05-17 19:51:10,843 [Worker-21: Launching Converter] WARN  o.e.m.c.i.embedder.EclipseLogger - Using platform encoding (Cp1252 actually) to copy filtered resources, i.e. build is platform dependent!
2021-05-17 19:51:10,844 [Worker-21: Launching Converter] INFO  o.e.m.c.i.embedder.EclipseLogger - Copying 0 resource
2021-05-17 19:52:25,134 [Worker-21: Launching Converter] WARN  o.e.m.c.i.embedder.EclipseLogger - Using platform encoding (Cp1252 actually) to copy filtered resources, i.e. build is platform dependent!
2021-05-17 19:52:25,136 [Worker-21: Launching Converter] INFO  o.e.m.c.i.embedder.EclipseLogger - Copying 0 resource
2021-05-17 19:52:25,139 [Worker-21: Launching Converter] WARN  o.e.m.c.i.embedder.EclipseLogger - Using platform encoding (Cp1252 actually) to copy filtered resources, i.e. build is platform dependent!
2021-05-17 19:52:25,141 [Worker-21: Launching Converter] INFO  o.e.m.c.i.embedder.EclipseLogger - Copying 0 resource
2021-05-17 19:56:29,058 [Worker-21: Launching Converter] WARN  o.e.m.c.i.embedder.EclipseLogger - Using platform encoding (Cp1252 actually) to copy filtered resources, i.e. build is platform dependent!
2021-05-17 19:56:29,060 [Worker-21: Launching Converter] INFO  o.e.m.c.i.embedder.EclipseLogger - Copying 0 resource
2021-05-17 19:56:29,062 [Worker-21: Launching Converter] WARN  o.e.m.c.i.embedder.EclipseLogger - Using platform encoding (Cp1252 actually) to copy filtered resources, i.e. build is platform dependent!
2021-05-17 19:56:29,063 [Worker-21: Launching Converter] INFO  o.e.m.c.i.embedder.EclipseLogger - Copying 0 resource
2021-05-17 19:58:03,077 [Worker-24: Launching Converter] WARN  o.e.m.c.i.embedder.EclipseLogger - Using platform encoding (Cp1252 actually) to copy filtered resources, i.e. build is platform dependent!
2021-05-17 19:58:03,080 [Worker-24: Launching Converter] INFO  o.e.m.c.i.embedder.EclipseLogger - Copying 0 resource
2021-05-17 19:58:03,084 [Worker-24: Launching Converter] WARN  o.e.m.c.i.embedder.EclipseLogger - Using platform encoding (Cp1252 actually) to copy filtered resources, i.e. build is platform dependent!
2021-05-17 19:58:03,086 [Worker-24: Launching Converter] INFO  o.e.m.c.i.embedder.EclipseLogger - Copying 0 resource
2021-05-17 20:02:08,140 [Worker-27: Launching Converter] WARN  o.e.m.c.i.embedder.EclipseLogger - Using platform encoding (Cp1252 actually) to copy filtered resources, i.e. build is platform dependent!
2021-05-17 20:02:08,142 [Worker-27: Launching Converter] INFO  o.e.m.c.i.embedder.EclipseLogger - Copying 0 resource
2021-05-17 20:02:08,144 [Worker-27: Launching Converter] WARN  o.e.m.c.i.embedder.EclipseLogger - Using platform encoding (Cp1252 actually) to copy filtered resources, i.e. build is platform dependent!
2021-05-17 20:02:08,145 [Worker-27: Launching Converter] INFO  o.e.m.c.i.embedder.EclipseLogger - Copying 0 resource
2021-05-17 20:05:19,348 [Worker-30: Launching Converter] WARN  o.e.m.c.i.embedder.EclipseLogger - Using platform encoding (Cp1252 actually) to copy filtered resources, i.e. build is platform dependent!
2021-05-17 20:05:19,350 [Worker-30: Launching Converter] INFO  o.e.m.c.i.embedder.EclipseLogger - Copying 0 resource
2021-05-17 20:05:19,353 [Worker-30: Launching Converter] WARN  o.e.m.c.i.embedder.EclipseLogger - Using platform encoding (Cp1252 actually) to copy filtered resources, i.e. build is platform dependent!
2021-05-17 20:05:19,355 [Worker-30: Launching Converter] INFO  o.e.m.c.i.embedder.EclipseLogger - Copying 0 resource
2021-05-17 20:06:11,472 [Worker-28: Launching Converter] WARN  o.e.m.c.i.embedder.EclipseLogger - Using platform encoding (Cp1252 actually) to copy filtered resources, i.e. build is platform dependent!
2021-05-17 20:06:11,474 [Worker-28: Launching Converter] INFO  o.e.m.c.i.embedder.EclipseLogger - Copying 0 resource
2021-05-17 20:06:11,475 [Worker-28: Launching Converter] WARN  o.e.m.c.i.embedder.EclipseLogger - Using platform encoding (Cp1252 actually) to copy filtered resources, i.e. build is platform dependent!
2021-05-17 20:06:11,477 [Worker-28: Launching Converter] INFO  o.e.m.c.i.embedder.EclipseLogger - Copying 0 resource
2021-05-17 20:08:11,393 [Worker-24: Launching Converter] WARN  o.e.m.c.i.embedder.EclipseLogger - Using platform encoding (Cp1252 actually) to copy filtered resources, i.e. build is platform dependent!
2021-05-17 20:08:11,395 [Worker-24: Launching Converter] INFO  o.e.m.c.i.embedder.EclipseLogger - Copying 0 resource
2021-05-17 20:08:11,397 [Worker-24: Launching Converter] WARN  o.e.m.c.i.embedder.EclipseLogger - Using platform encoding (Cp1252 actually) to copy filtered resources, i.e. build is platform dependent!
2021-05-17 20:08:11,399 [Worker-24: Launching Converter] INFO  o.e.m.c.i.embedder.EclipseLogger - Copying 0 resource
2021-05-17 20:13:03,497 [Worker-21: Launching Converter] WARN  o.e.m.c.i.embedder.EclipseLogger - Using platform encoding (Cp1252 actually) to copy filtered resources, i.e. build is platform dependent!
2021-05-17 20:13:03,499 [Worker-21: Launching Converter] INFO  o.e.m.c.i.embedder.EclipseLogger - Copying 0 resource
2021-05-17 20:13:03,501 [Worker-21: Launching Converter] WARN  o.e.m.c.i.embedder.EclipseLogger - Using platform encoding (Cp1252 actually) to copy filtered resources, i.e. build is platform dependent!
2021-05-17 20:13:03,502 [Worker-21: Launching Converter] INFO  o.e.m.c.i.embedder.EclipseLogger - Copying 0 resource
2021-05-17 20:14:07,522 [Worker-38: Launching Converter] WARN  o.e.m.c.i.embedder.EclipseLogger - Using platform encoding (Cp1252 actually) to copy filtered resources, i.e. build is platform dependent!
2021-05-17 20:14:07,524 [Worker-38: Launching Converter] INFO  o.e.m.c.i.embedder.EclipseLogger - Copying 0 resource
2021-05-17 20:14:07,532 [Worker-38: Launching Converter] WARN  o.e.m.c.i.embedder.EclipseLogger - Using platform encoding (Cp1252 actually) to copy filtered resources, i.e. build is platform dependent!
2021-05-17 20:14:07,534 [Worker-38: Launching Converter] INFO  o.e.m.c.i.embedder.EclipseLogger - Copying 0 resource
2021-05-17 20:20:11,509 [Worker-40: Launching Converter] WARN  o.e.m.c.i.embedder.EclipseLogger - Using platform encoding (Cp1252 actually) to copy filtered resources, i.e. build is platform dependent!
2021-05-17 20:20:11,511 [Worker-40: Launching Converter] INFO  o.e.m.c.i.embedder.EclipseLogger - Copying 0 resource
2021-05-17 20:20:11,513 [Worker-40: Launching Converter] WARN  o.e.m.c.i.embedder.EclipseLogger - Using platform encoding (Cp1252 actually) to copy filtered resources, i.e. build is platform dependent!
2021-05-17 20:20:11,514 [Worker-40: Launching Converter] INFO  o.e.m.c.i.embedder.EclipseLogger - Copying 0 resource
2021-05-17 20:21:09,410 [Worker-41: Launching Converter] WARN  o.e.m.c.i.embedder.EclipseLogger - Using platform encoding (Cp1252 actually) to copy filtered resources, i.e. build is platform dependent!
2021-05-17 20:21:09,412 [Worker-41: Launching Converter] INFO  o.e.m.c.i.embedder.EclipseLogger - Copying 0 resource
2021-05-17 20:21:09,415 [Worker-41: Launching Converter] WARN  o.e.m.c.i.embedder.EclipseLogger - Using platform encoding (Cp1252 actually) to copy filtered resources, i.e. build is platform dependent!
2021-05-17 20:21:09,416 [Worker-41: Launching Converter] INFO  o.e.m.c.i.embedder.EclipseLogger - Copying 0 resource
2021-05-17 20:21:32,192 [Worker-41: Launching Converter] WARN  o.e.m.c.i.embedder.EclipseLogger - Using platform encoding (Cp1252 actually) to copy filtered resources, i.e. build is platform dependent!
2021-05-17 20:21:32,194 [Worker-41: Launching Converter] INFO  o.e.m.c.i.embedder.EclipseLogger - Copying 0 resource
2021-05-17 20:21:32,196 [Worker-41: Launching Converter] WARN  o.e.m.c.i.embedder.EclipseLogger - Using platform encoding (Cp1252 actually) to copy filtered resources, i.e. build is platform dependent!
2021-05-17 20:21:32,197 [Worker-41: Launching Converter] INFO  o.e.m.c.i.embedder.EclipseLogger - Copying 0 resource
2021-05-17 20:22:18,836 [Worker-41: Launching Converter] WARN  o.e.m.c.i.embedder.EclipseLogger - Using platform encoding (Cp1252 actually) to copy filtered resources, i.e. build is platform dependent!
2021-05-17 20:22:18,838 [Worker-41: Launching Converter] INFO  o.e.m.c.i.embedder.EclipseLogger - Copying 0 resource
2021-05-17 20:22:18,844 [Worker-41: Launching Converter] WARN  o.e.m.c.i.embedder.EclipseLogger - Using platform encoding (Cp1252 actually) to copy filtered resources, i.e. build is platform dependent!
2021-05-17 20:22:18,846 [Worker-41: Launching Converter] INFO  o.e.m.c.i.embedder.EclipseLogger - Copying 0 resource
2021-05-17 20:31:58,115 [Worker-46: Launching Converter] WARN  o.e.m.c.i.embedder.EclipseLogger - Using platform encoding (Cp1252 actually) to copy filtered resources, i.e. build is platform dependent!
2021-05-17 20:31:58,117 [Worker-46: Launching Converter] INFO  o.e.m.c.i.embedder.EclipseLogger - Copying 0 resource
2021-05-17 20:31:58,118 [Worker-46: Launching Converter] WARN  o.e.m.c.i.embedder.EclipseLogger - Using platform encoding (Cp1252 actually) to copy filtered resources, i.e. build is platform dependent!
2021-05-17 20:31:58,119 [Worker-46: Launching Converter] INFO  o.e.m.c.i.embedder.EclipseLogger - Copying 0 resource
2021-05-17 20:33:19,587 [Worker-49: Launching Converter] WARN  o.e.m.c.i.embedder.EclipseLogger - Using platform encoding (Cp1252 actually) to copy filtered resources, i.e. build is platform dependent!
2021-05-17 20:33:19,589 [Worker-49: Launching Converter] INFO  o.e.m.c.i.embedder.EclipseLogger - Copying 0 resource
2021-05-17 20:33:19,591 [Worker-49: Launching Converter] WARN  o.e.m.c.i.embedder.EclipseLogger - Using platform encoding (Cp1252 actually) to copy filtered resources, i.e. build is platform dependent!
2021-05-17 20:33:19,592 [Worker-49: Launching Converter] INFO  o.e.m.c.i.embedder.EclipseLogger - Copying 0 resource
2021-05-17 20:35:55,166 [Worker-42: Building] WARN  o.e.m.c.i.embedder.EclipseLogger - Using platform encoding (Cp1252 actually) to copy filtered resources, i.e. build is platform dependent!
2021-05-17 20:35:55,168 [Worker-42: Building] INFO  o.e.m.c.i.embedder.EclipseLogger - Copying 0 resource
2021-05-17 20:35:55,169 [Worker-42: Building] WARN  o.e.m.c.i.embedder.EclipseLogger - Using platform encoding (Cp1252 actually) to copy filtered resources, i.e. build is platform dependent!
2021-05-17 20:35:55,170 [Worker-42: Building] INFO  o.e.m.c.i.embedder.EclipseLogger - Copying 0 resource
2021-05-17 20:36:34,285 [Worker-51: Building] WARN  o.e.m.c.i.embedder.EclipseLogger - Using platform encoding (Cp1252 actually) to copy filtered resources, i.e. build is platform dependent!
2021-05-17 20:36:34,286 [Worker-51: Building] INFO  o.e.m.c.i.embedder.EclipseLogger - Copying 0 resource
2021-05-17 20:36:34,287 [Worker-51: Building] WARN  o.e.m.c.i.embedder.EclipseLogger - Using platform encoding (Cp1252 actually) to copy filtered resources, i.e. build is platform dependent!
2021-05-17 20:36:34,288 [Worker-51: Building] INFO  o.e.m.c.i.embedder.EclipseLogger - Copying 0 resource
2021-05-17 20:41:23,794 [Worker-0: Loading available Gradle versions] INFO  o.e.b.c.i.u.g.PublishedGradleVersions - Gradle version information cache is up-to-date. Trying to read.
2021-05-17 20:41:49,904 [Worker-2: Building] WARN  o.e.m.c.i.embedder.EclipseLogger - Using platform encoding (Cp1252 actually) to copy filtered resources, i.e. build is platform dependent!
2021-05-17 20:41:49,908 [Worker-2: Building] INFO  o.e.m.c.i.embedder.EclipseLogger - Copying 0 resource
2021-05-17 20:41:49,910 [Worker-2: Building] WARN  o.e.m.c.i.embedder.EclipseLogger - Using platform encoding (Cp1252 actually) to copy filtered resources, i.e. build is platform dependent!
2021-05-17 20:41:49,911 [Worker-2: Building] INFO  o.e.m.c.i.embedder.EclipseLogger - Copying 0 resource
2021-05-17 20:51:28,527 [Worker-7: Building] WARN  o.e.m.c.i.embedder.EclipseLogger - Using platform encoding (Cp1252 actually) to copy filtered resources, i.e. build is platform dependent!
2021-05-17 20:51:28,531 [Worker-7: Building] INFO  o.e.m.c.i.embedder.EclipseLogger - Copying 0 resource
2021-05-17 20:51:28,534 [Worker-7: Building] WARN  o.e.m.c.i.embedder.EclipseLogger - Using platform encoding (Cp1252 actually) to copy filtered resources, i.e. build is platform dependent!
2021-05-17 20:51:28,535 [Worker-7: Building] INFO  o.e.m.c.i.embedder.EclipseLogger - Copying 0 resource
2021-05-17 20:53:26,557 [Worker-9: Building] WARN  o.e.m.c.i.embedder.EclipseLogger - Using platform encoding (Cp1252 actually) to copy filtered resources, i.e. build is platform dependent!
2021-05-17 20:53:26,559 [Worker-9: Building] INFO  o.e.m.c.i.embedder.EclipseLogger - Copying 0 resource
2021-05-17 20:53:26,561 [Worker-9: Building] WARN  o.e.m.c.i.embedder.EclipseLogger - Using platform encoding (Cp1252 actually) to copy filtered resources, i.e. build is platform dependent!
2021-05-17 20:53:26,563 [Worker-9: Building] INFO  o.e.m.c.i.embedder.EclipseLogger - Copying 0 resource
